Oyster v.3.3
RunScript: examples/MergePurgeRunScript.xml
Attribute: examples/Run001/Scripts/MergePurgeAttributes.xml
Initializing Comparators...
none
Unknown or Invalid Comparator Class: none
Initializing OysterCompareDefault for StudentFirstName
StudentFirstName	edu.ualr.oyster.association.matching.OysterCompareDefault[EXACT, ~EXACT, EXACT_IGNORE_CASE, ~EXACT_IGNORE_CASE, MISSING, ~MISSING, INITIAL, ~INITIAL, TRANSPOSE, ~TRANSPOSE, LED, ~LED, QTR, ~QTR, JACCARD, ~JACCARD, SORENSEN, ~SORENSEN, TANIMOTO, ~TANIMOTO, TVERSKY, ~TVERSKY, SOUNDEX, ~SOUNDEX, DMSOUNDEX, ~DMSOUNDEX, IBMALPHACODE, ~IBMALPHACODE, MATCHRATING, ~MATCHRATING, NYSIIS, ~NYSIIS, CAVERPHONE, ~CAVERPHONE, CAVERPHONE2, ~CAVERPHONE2, METAPHONE, ~METAPHONE, METAPHONE2, ~METAPHONE2, NEEDLEMANWUNSCH, ~NEEDLEMANWUNSCH, SMITHWATERMAN, ~SMITHWATERMAN, SCAN, ~SCAN, SUBSTRLEFT, ~SUBSTRLEFT, SUBSTRRIGHT, ~SUBSTRRIGHT, SUBSTRMID, ~SUBSTRMID, PSUBSTR, ~PSUBSTR, NICKNAME, ~NICKNAME]

none
Unknown or Invalid Comparator Class: none
Initializing OysterCompareDefault for StudentLastName
StudentLastName	edu.ualr.oyster.association.matching.OysterCompareDefault[EXACT, ~EXACT, EXACT_IGNORE_CASE, ~EXACT_IGNORE_CASE, MISSING, ~MISSING, INITIAL, ~INITIAL, TRANSPOSE, ~TRANSPOSE, LED, ~LED, QTR, ~QTR, JACCARD, ~JACCARD, SORENSEN, ~SORENSEN, TANIMOTO, ~TANIMOTO, TVERSKY, ~TVERSKY, SOUNDEX, ~SOUNDEX, DMSOUNDEX, ~DMSOUNDEX, IBMALPHACODE, ~IBMALPHACODE, MATCHRATING, ~MATCHRATING, NYSIIS, ~NYSIIS, CAVERPHONE, ~CAVERPHONE, CAVERPHONE2, ~CAVERPHONE2, METAPHONE, ~METAPHONE, METAPHONE2, ~METAPHONE2, NEEDLEMANWUNSCH, ~NEEDLEMANWUNSCH, SMITHWATERMAN, ~SMITHWATERMAN, SCAN, ~SCAN, SUBSTRLEFT, ~SUBSTRLEFT, SUBSTRRIGHT, ~SUBSTRRIGHT, SUBSTRMID, ~SUBSTRMID, PSUBSTR, ~PSUBSTR, NICKNAME, ~NICKNAME]

none
Unknown or Invalid Comparator Class: none
Initializing OysterCompareDefault for LEA
LEA	edu.ualr.oyster.association.matching.OysterCompareDefault[EXACT, ~EXACT, EXACT_IGNORE_CASE, ~EXACT_IGNORE_CASE, MISSING, ~MISSING, INITIAL, ~INITIAL, TRANSPOSE, ~TRANSPOSE, LED, ~LED, QTR, ~QTR, JACCARD, ~JACCARD, SORENSEN, ~SORENSEN, TANIMOTO, ~TANIMOTO, TVERSKY, ~TVERSKY, SOUNDEX, ~SOUNDEX, DMSOUNDEX, ~DMSOUNDEX, IBMALPHACODE, ~IBMALPHACODE, MATCHRATING, ~MATCHRATING, NYSIIS, ~NYSIIS, CAVERPHONE, ~CAVERPHONE, CAVERPHONE2, ~CAVERPHONE2, METAPHONE, ~METAPHONE, METAPHONE2, ~METAPHONE2, NEEDLEMANWUNSCH, ~NEEDLEMANWUNSCH, SMITHWATERMAN, ~SMITHWATERMAN, SCAN, ~SCAN, SUBSTRLEFT, ~SUBSTRLEFT, SUBSTRRIGHT, ~SUBSTRRIGHT, SUBSTRMID, ~SUBSTRMID, PSUBSTR, ~PSUBSTR, NICKNAME, ~NICKNAME]

none
Unknown or Invalid Comparator Class: none
Initializing OysterCompareDefault for StudentDateOfBirth
StudentDateOfBirth	edu.ualr.oyster.association.matching.OysterCompareDefault[EXACT, ~EXACT, EXACT_IGNORE_CASE, ~EXACT_IGNORE_CASE, MISSING, ~MISSING, INITIAL, ~INITIAL, TRANSPOSE, ~TRANSPOSE, LED, ~LED, QTR, ~QTR, JACCARD, ~JACCARD, SORENSEN, ~SORENSEN, TANIMOTO, ~TANIMOTO, TVERSKY, ~TVERSKY, SOUNDEX, ~SOUNDEX, DMSOUNDEX, ~DMSOUNDEX, IBMALPHACODE, ~IBMALPHACODE, MATCHRATING, ~MATCHRATING, NYSIIS, ~NYSIIS, CAVERPHONE, ~CAVERPHONE, CAVERPHONE2, ~CAVERPHONE2, METAPHONE, ~METAPHONE, METAPHONE2, ~METAPHONE2, NEEDLEMANWUNSCH, ~NEEDLEMANWUNSCH, SMITHWATERMAN, ~SMITHWATERMAN, SCAN, ~SCAN, SUBSTRLEFT, ~SUBSTRLEFT, SUBSTRRIGHT, ~SUBSTRRIGHT, SUBSTRMID, ~SUBSTRMID, PSUBSTR, ~PSUBSTR, NICKNAME, ~NICKNAME]


Indexing Rules


Initializing Index...
Index Type: NullIndex

OysterIdentityRecord Type: Map

ClusterRecord Type: UNKNOWN

Initializing EntityMap...
EntityMap Type: EntityMap

Link Output Type: TextFile
Link Output: examples/Run001/Output/MergePurgeIndex.link

Engine Type: OysterClusterEngine

Bypassing Least Common Rule filter


Source: examples/Run001/Input/MergePurgeTest.txt


Input: @RefID=source1.1, StudentFirstName=Edgar, StudentLastName=Jones, LEA=G34, StudentDateOfBirth=20001104, Input record: false, Current Traces: null, Previous Traces: []
	Candidate List:

	New Entity XVI8NV5E03OWX86Y @RefID{source1.1}, StudentFirstName{Edgar}, StudentLastName{Jones}, LEA{G34}, StudentDateOfBirth{20001104}
	New Index: @RefID=source1.1, StudentFirstName=Edgar, StudentLastName=Jones, LEA=G34, StudentDateOfBirth=20001104, Input record: false, Current Traces: null, Previous Traces: []
	New LinkMap{source1.1}, @RefID{source1.1}, StudentFirstName{Edgar}, StudentLastName{Jones}, LEA{G34}, StudentDateOfBirth{20001104}

Input: @RefID=source1.2, StudentFirstName=Mary, StudentLastName=Smith, LEA=G55, StudentDateOfBirth=19990921, Input record: false, Current Traces: null, Previous Traces: []
	Candidate List:
		source1.1=@RefID{source1.1}, StudentFirstName{Edgar}, StudentLastName{Jones}, LEA{G34}, StudentDateOfBirth{20001104}

	Compare Input 3 to Identity 1 @RefID{source1.1}, StudentFirstName{Edgar}, StudentLastName{Jones}, LEA{G34}, StudentDateOfBirth{20001104}
	New Entity MW9AGFLZ2A1ENXZ5 @RefID{source1.2}, StudentFirstName{Mary}, StudentLastName{Smith}, LEA{G55}, StudentDateOfBirth{19990921}
	New Index: @RefID=source1.2, StudentFirstName=Mary, StudentLastName=Smith, LEA=G55, StudentDateOfBirth=19990921, Input record: false, Current Traces: null, Previous Traces: []
	New LinkMap{source1.2}, @RefID{source1.2}, StudentFirstName{Mary}, StudentLastName{Smith}, LEA{G55}, StudentDateOfBirth{19990921}

Input: @RefID=source1.3, StudentFirstName=Eddie, StudentLastName=Jones, LEA=H15, StudentDateOfBirth=20001104, Input record: false, Current Traces: null, Previous Traces: []
	Candidate List:
		source1.2=@RefID{source1.2}, StudentFirstName{Mary}, StudentLastName{Smith}, LEA{G55}, StudentDateOfBirth{19990921}
		source1.1=@RefID{source1.1}, StudentFirstName{Edgar}, StudentLastName{Jones}, LEA{G34}, StudentDateOfBirth{20001104}

	Compare Input 4 to Identity 1 @RefID{source1.2}, StudentFirstName{Mary}, StudentLastName{Smith}, LEA{G55}, StudentDateOfBirth{19990921}
	Compare Input 4 to Identity 2 @RefID{source1.1}, StudentFirstName{Edgar}, StudentLastName{Jones}, LEA{G34}, StudentDateOfBirth{20001104}
matrix
	Exact	
StudentFirstName	false	
StudentLastName	true	
StudentDateOfBirth	true	
LEA	false	


masks
	Exact	
StudentFirstName	true	
StudentLastName	true	
StudentDateOfBirth	true	
LEA	false	

	Exact	
StudentFirstName	false	
StudentLastName	true	
StudentDateOfBirth	true	
LEA	true	

	New Entity Q928GNKAT7D0B0X6 @RefID{source1.3}, StudentFirstName{Eddie}, StudentLastName{Jones}, LEA{H15}, StudentDateOfBirth{20001104}
	New Index: @RefID=source1.3, StudentFirstName=Eddie, StudentLastName=Jones, LEA=H15, StudentDateOfBirth=20001104, Input record: false, Current Traces: null, Previous Traces: []
	New LinkMap{source1.3}, @RefID{source1.3}, StudentFirstName{Eddie}, StudentLastName{Jones}, LEA{H15}, StudentDateOfBirth{20001104}

Input: @RefID=source1.4, StudentFirstName=Mary, StudentLastName=Smith, LEA=H17, StudentDateOfBirth=19990921, Input record: false, Current Traces: null, Previous Traces: []
	Candidate List:
		source1.3=@RefID{source1.3}, StudentFirstName{Eddie}, StudentLastName{Jones}, LEA{H15}, StudentDateOfBirth{20001104}
		source1.2=@RefID{source1.2}, StudentFirstName{Mary}, StudentLastName{Smith}, LEA{G55}, StudentDateOfBirth{19990921}
		source1.1=@RefID{source1.1}, StudentFirstName{Edgar}, StudentLastName{Jones}, LEA{G34}, StudentDateOfBirth{20001104}

	Compare Input 5 to Identity 1 @RefID{source1.3}, StudentFirstName{Eddie}, StudentLastName{Jones}, LEA{H15}, StudentDateOfBirth{20001104}
	Compare Input 5 to Identity 2 @RefID{source1.2}, StudentFirstName{Mary}, StudentLastName{Smith}, LEA{G55}, StudentDateOfBirth{19990921}
matrix
	Exact	
StudentFirstName	true	
StudentLastName	true	
StudentDateOfBirth	true	
LEA	false	


masks
	Exact	
StudentFirstName	true	
StudentLastName	true	
StudentDateOfBirth	true	
LEA	false	

	Matched Rule:1

	Exact	
StudentFirstName	false	
StudentLastName	true	
StudentDateOfBirth	true	
LEA	true	

	Compare Input 5 to Identity 3 @RefID{source1.1}, StudentFirstName{Edgar}, StudentLastName{Jones}, LEA{G34}, StudentDateOfBirth{20001104}

	Satisfies Rule 1
	Assign Entity source1.1 to Input 5
	Update Entity: MW9AGFLZ2A1ENXZ5 @RefID{source1.2|source1.4}, StudentFirstName{Mary}, StudentLastName{Smith}, LEA{G55|H17}, StudentDateOfBirth{19990921}
	             : OysterID: MW9AGFLZ2A1ENXZ5
Creation Date: null
Size: 2
Persistant: false
Record 0: @RefID=source1.2, StudentFirstName=Mary, StudentLastName=Smith, LEA=G55, StudentDateOfBirth=19990921, Input record: false, Current Traces: null, Previous Traces: []
Record 1: @RefID=source1.4, StudentFirstName=Mary, StudentLastName=Smith, LEA=H17, StudentDateOfBirth=19990921, Input record: false, Current Traces: null, Previous Traces: []
Merges: {}
StrToStr: []
NegStrToStr: []

	Update Index: source1.1 for ri @RefID=source1.4, StudentFirstName=Mary, StudentLastName=Smith, LEA=H17, StudentDateOfBirth=19990921, Input record: false, Current Traces: null, Previous Traces: []
	Update LinkMap: MW9AGFLZ2A1ENXZ5 for [source1.2, source1.4]

**** DUMP START ****
entityMap
XVI8NV5E03OWX86Y	OysterID: XVI8NV5E03OWX86Y
Creation Date: null
Size: 1
Persistant: false
Record 0: @RefID=source1.1, StudentFirstName=Edgar, StudentLastName=Jones, LEA=G34, StudentDateOfBirth=20001104, Input record: false, Current Traces: null, Previous Traces: []
Merges: {}
StrToStr: []
NegStrToStr: []

MW9AGFLZ2A1ENXZ5	OysterID: MW9AGFLZ2A1ENXZ5
Creation Date: null
Size: 2
Persistant: false
Record 0: @RefID=source1.2, StudentFirstName=Mary, StudentLastName=Smith, LEA=G55, StudentDateOfBirth=19990921, Input record: false, Current Traces: null, Previous Traces: []
Record 1: @RefID=source1.4, StudentFirstName=Mary, StudentLastName=Smith, LEA=H17, StudentDateOfBirth=19990921, Input record: false, Current Traces: null, Previous Traces: []
Merges: {}
StrToStr: []
NegStrToStr: []

Q928GNKAT7D0B0X6	OysterID: Q928GNKAT7D0B0X6
Creation Date: null
Size: 1
Persistant: false
Record 0: @RefID=source1.3, StudentFirstName=Eddie, StudentLastName=Jones, LEA=H15, StudentDateOfBirth=20001104, Input record: false, Current Traces: null, Previous Traces: []
Merges: {}
StrToStr: []
NegStrToStr: []

entitySet
valueIndex
<null>	[source1.1, source1.2, source1.3, source1.4]
linkMap
source1.3	Q928GNKAT7D0B0X6
source1.2	MW9AGFLZ2A1ENXZ5
source1.1	XVI8NV5E03OWX86Y
source1.4	MW9AGFLZ2A1ENXZ5
**** DUMP END ****


Input: @RefID=source1.5, StudentFirstName=Eddie, StudentLastName=Jones, LEA=G34, StudentDateOfBirth=20001104, Input record: false, Current Traces: null, Previous Traces: []
	Candidate List:
		source1.3=@RefID{source1.3}, StudentFirstName{Eddie}, StudentLastName{Jones}, LEA{H15}, StudentDateOfBirth{20001104}
		source1.1=@RefID{source1.1}, StudentFirstName{Edgar}, StudentLastName{Jones}, LEA{G34}, StudentDateOfBirth{20001104}
		source1.4=@RefID{source1.2}, StudentFirstName{Mary}, StudentLastName{Smith}, LEA{G55}, StudentDateOfBirth{19990921}
		source1.4=@RefID{source1.4}, StudentFirstName{Mary}, StudentLastName{Smith}, LEA{H17}, StudentDateOfBirth{19990921}

	Compare Input 6 to Identity 1 @RefID{source1.3}, StudentFirstName{Eddie}, StudentLastName{Jones}, LEA{H15}, StudentDateOfBirth{20001104}
matrix
	Exact	
StudentFirstName	true	
StudentLastName	true	
StudentDateOfBirth	true	
LEA	false	


masks
	Exact	
StudentFirstName	true	
StudentLastName	true	
StudentDateOfBirth	true	
LEA	false	

	Matched Rule:1

	Exact	
StudentFirstName	false	
StudentLastName	true	
StudentDateOfBirth	true	
LEA	true	

	Compare Input 6 to Identity 2 @RefID{source1.1}, StudentFirstName{Edgar}, StudentLastName{Jones}, LEA{G34}, StudentDateOfBirth{20001104}
matrix
	Exact	
StudentFirstName	false	
StudentLastName	true	
StudentDateOfBirth	true	
LEA	true	


masks
	Exact	
StudentFirstName	true	
StudentLastName	true	
StudentDateOfBirth	true	
LEA	false	

	Exact	
StudentFirstName	false	
StudentLastName	true	
StudentDateOfBirth	true	
LEA	true	

	Compare Input 6 to Identity 3 @RefID{source1.2}, StudentFirstName{Mary}, StudentLastName{Smith}, LEA{G55}, StudentDateOfBirth{19990921}
	Compare Input 6 to Identity 3 @RefID{source1.4}, StudentFirstName{Mary}, StudentLastName{Smith}, LEA{H17}, StudentDateOfBirth{19990921}

	Satisfies Rule 1

	Satisfies Rule 2
	Assign Entity source1.4 to Input 6
	Update Entity: XVI8NV5E03OWX86Y @RefID{source1.1|source1.3|source1.5}, StudentFirstName{Edgar|Eddie|Eddie}, StudentLastName{Jones}, LEA{G34|H15|G34}, StudentDateOfBirth{20001104}
	             : OysterID: XVI8NV5E03OWX86Y
Creation Date: null
Size: 3
Persistant: false
Record 0: @RefID=source1.1, StudentFirstName=Edgar, StudentLastName=Jones, LEA=G34, StudentDateOfBirth=20001104, Input record: false, Current Traces: null, Previous Traces: []
Record 1: @RefID=source1.3, StudentFirstName=Eddie, StudentLastName=Jones, LEA=H15, StudentDateOfBirth=20001104, Input record: false, Current Traces: null, Previous Traces: []
Record 2: @RefID=source1.5, StudentFirstName=Eddie, StudentLastName=Jones, LEA=G34, StudentDateOfBirth=20001104, Input record: false, Current Traces: null, Previous Traces: []
Merges: {Q928GNKAT7D0B0X6=source1.3}
StrToStr: []
NegStrToStr: []

	Update Index: source1.4 for ri @RefID=source1.5, StudentFirstName=Eddie, StudentLastName=Jones, LEA=G34, StudentDateOfBirth=20001104, Input record: false, Current Traces: null, Previous Traces: []
	Update LinkMap: XVI8NV5E03OWX86Y for [source1.3, source1.1, source1.5]

**** DUMP START ****
entityMap
XVI8NV5E03OWX86Y	OysterID: XVI8NV5E03OWX86Y
Creation Date: null
Size: 3
Persistant: false
Record 0: @RefID=source1.1, StudentFirstName=Edgar, StudentLastName=Jones, LEA=G34, StudentDateOfBirth=20001104, Input record: false, Current Traces: null, Previous Traces: []
Record 1: @RefID=source1.3, StudentFirstName=Eddie, StudentLastName=Jones, LEA=H15, StudentDateOfBirth=20001104, Input record: false, Current Traces: null, Previous Traces: []
Record 2: @RefID=source1.5, StudentFirstName=Eddie, StudentLastName=Jones, LEA=G34, StudentDateOfBirth=20001104, Input record: false, Current Traces: null, Previous Traces: []
Merges: {Q928GNKAT7D0B0X6=source1.3}
StrToStr: []
NegStrToStr: []

MW9AGFLZ2A1ENXZ5	OysterID: MW9AGFLZ2A1ENXZ5
Creation Date: null
Size: 2
Persistant: false
Record 0: @RefID=source1.2, StudentFirstName=Mary, StudentLastName=Smith, LEA=G55, StudentDateOfBirth=19990921, Input record: false, Current Traces: null, Previous Traces: []
Record 1: @RefID=source1.4, StudentFirstName=Mary, StudentLastName=Smith, LEA=H17, StudentDateOfBirth=19990921, Input record: false, Current Traces: null, Previous Traces: []
Merges: {}
StrToStr: []
NegStrToStr: []

entitySet
valueIndex
<null>	[source1.1, source1.2, source1.3, source1.4, source1.5]
linkMap
source1.3	XVI8NV5E03OWX86Y
source1.2	MW9AGFLZ2A1ENXZ5
source1.1	XVI8NV5E03OWX86Y
source1.5	XVI8NV5E03OWX86Y
source1.4	MW9AGFLZ2A1ENXZ5
**** DUMP END ****


Input: @RefID=source1.6, StudentFirstName=Super, StudentLastName=Man, LEA=G19, StudentDateOfBirth=20011104, Input record: false, Current Traces: null, Previous Traces: []
	Candidate List:
		source1.5=@RefID{source1.1}, StudentFirstName{Edgar}, StudentLastName{Jones}, LEA{G34}, StudentDateOfBirth{20001104}
		source1.5=@RefID{source1.3}, StudentFirstName{Eddie}, StudentLastName{Jones}, LEA{H15}, StudentDateOfBirth{20001104}
		source1.5=@RefID{source1.5}, StudentFirstName{Eddie}, StudentLastName{Jones}, LEA{G34}, StudentDateOfBirth{20001104}
		source1.4=@RefID{source1.2}, StudentFirstName{Mary}, StudentLastName{Smith}, LEA{G55}, StudentDateOfBirth{19990921}
		source1.4=@RefID{source1.4}, StudentFirstName{Mary}, StudentLastName{Smith}, LEA{H17}, StudentDateOfBirth{19990921}

	Compare Input 7 to Identity 1 @RefID{source1.1}, StudentFirstName{Edgar}, StudentLastName{Jones}, LEA{G34}, StudentDateOfBirth{20001104}
	Compare Input 7 to Identity 1 @RefID{source1.3}, StudentFirstName{Eddie}, StudentLastName{Jones}, LEA{H15}, StudentDateOfBirth{20001104}
	Compare Input 7 to Identity 1 @RefID{source1.5}, StudentFirstName{Eddie}, StudentLastName{Jones}, LEA{G34}, StudentDateOfBirth{20001104}
	Compare Input 7 to Identity 2 @RefID{source1.2}, StudentFirstName{Mary}, StudentLastName{Smith}, LEA{G55}, StudentDateOfBirth{19990921}
	Compare Input 7 to Identity 2 @RefID{source1.4}, StudentFirstName{Mary}, StudentLastName{Smith}, LEA{H17}, StudentDateOfBirth{19990921}
	New Entity FYONETPU881DH2L0 @RefID{source1.6}, StudentFirstName{Super}, StudentLastName{Man}, LEA{G19}, StudentDateOfBirth{20011104}
	New Index: @RefID=source1.6, StudentFirstName=Super, StudentLastName=Man, LEA=G19, StudentDateOfBirth=20011104, Input record: false, Current Traces: null, Previous Traces: []
	New LinkMap{source1.6}, @RefID{source1.6}, StudentFirstName{Super}, StudentLastName{Man}, LEA{G19}, StudentDateOfBirth{20011104}
Records processed for examples/Run001/Scripts/MergePurgeSourceDescriptor.xml: 6(0)

# of Consolidation Steps: 0

Filtered Candidate List Frequencies
0	1
1	1
2	1
3	1
4	1
5	1


UnFiltered Candidate List Frequencies
0	1
1	1
2	1
3	1
4	1
5	1




###################
## Summary Stats ##
###################
Total Records Processed          :            6
Total Clusters                   :            3
Max Cluster Size                 :            3
Min Cluster Size > 1             :            2
Min Cluster Size                 :            1


###################
## Cluster Stats ##
###################
Cluster Size Distribution
Cluster Size     # of Clusters        # of Records
           1                 1                   1
           2                 1                   2
           3                 1                   3

Clusters loaded                  :            0
References loaded                :            0
Avg # of Refs/Cluster            :          NaN


Average Cluster Grouping         :            2
Average Cluster by Count         :            1
Average Cluster Size             :      2.00000
Number of Duplicate Recs         :            3
Duplication Rate                 :      0.50000


Total Candidates Size            :           15
Total DeDup Candidates Size      :           11
Total # Candidates               :            5
Avg Candidates per Input         :      3.00000
Total Matched Count              :            2
Matches per Candidates Size      :      0.13333
Matches per DeDup Candidates Size:      0.18182
Matches per Candidates           :      0.40000


#########################
##   First Rule Stats  ##
#########################
Number of Rules: 2
Rule Firing Distribution
Rule                          Counts
1                                 2


############################
##   Complete Rule Stats  ##
############################
Rule Firing Distribution
Rule                          Counts
[1]                               2
[2]                               1


###################
##  Index Stats  ##
###################
Keys                    :            1
Total tokens            :            6
Unique tokens           :            6
Max tokens per key      :            6
Min tokens per key      :            6
Min tokens > 1 per key  :            6

Total tokens per key    :      6.00000
Unique tokens per key   :      6.00000
Total per Unique tokens :      1.00000
Unique per Total tokens :      1.00000

Skewness                :          NaN
Kurtosis                :          NaN
Excess                  :          NaN

Max key                 : <null>

Top 10 keys             : 
6                        : <null>


Candidate Size     # of Candidates        # of Records


   Index Group          Index Size        # of Records
             6                   1                   6






####################
##  Timing Stats  ##
####################
Elapsed Seconds                  :                0
Throughput (records/hour)        :         Infinity
Average Matching Latency (ms)    :         1.333333
Max Matching Latency (ms)        :                4
Min Matching Latency (ms)        :                4
Average Non-Matching Latency (ms):          1.50000
Max Non-Matching Latency (ms)    :                4
Min Non-Matching Latency (ms)    :                1



Time process started at 2015-06-27 16.55.58
Time process ended at 2015-06-27 16.55.58
Total elapsed time 0 hour(s) 0 minute(s) 0 second(s)

